# JRE version: OpenJDK Runtime Environment (11.0.11+9) (build 11.0.11+9-b60-7590822)
# Java VM: OpenJDK 64-Bit Server VM (11.0.11+9-b60-7590822, mixed mode, tiered, compressed oops, g1 gc, windows-amd64)
Heap:
 garbage-first heap   total 194560K, used 159116K [0x0000000080000000, 0x0000000100000000)
  region size 1024K, 28 young (28672K), 1 survivors (1024K)
 Metaspace       used 107882K, capacity 111162K, committed 111440K, reserved 1146880K
  class space    used 13981K, capacity 15125K, committed 15232K, reserved 1048576K
GC Heap History (20 events):
Event: 35.675 GC heap before
{Heap before GC invocations=26 (full 0):
 garbage-first heap   total 194560K, used 116246K [0x0000000080000000, 0x0000000100000000)
  region size 1024K, 12 young (12288K), 7 survivors (7168K)
 Metaspace       used 90043K, capacity 92341K, committed 92496K, reserved 1130496K
  class space    used 11775K, capacity 12579K, committed 12672K, reserved 1048576K
}
Event: 35.686 GC heap after
{Heap after GC invocations=27 (full 0):
 garbage-first heap   total 194560K, used 113351K [0x0000000080000000, 0x0000000100000000)
  region size 1024K, 2 young (2048K), 2 survivors (2048K)
 Metaspace       used 90043K, capacity 92341K, committed 92496K, reserved 1130496K
  class space    used 11775K, capacity 12579K, committed 12672K, reserved 1048576K
}
Event: 38.105 GC heap before
{Heap before GC invocations=28 (full 0):
 garbage-first heap   total 194560K, used 149191K [0x0000000080000000, 0x0000000100000000)
  region size 1024K, 36 young (36864K), 2 survivors (2048K)
 Metaspace       used 95462K, capacity 97750K, committed 98000K, reserved 1134592K
  class space    used 12434K, capacity 13217K, committed 13312K, reserved 1048576K
}
Event: 38.112 GC heap after
{Heap after GC invocations=29 (full 0):
 garbage-first heap   total 194560K, used 113534K [0x0000000080000000, 0x0000000100000000)
  region size 1024K, 2 young (2048K), 2 survivors (2048K)
 Metaspace       used 95462K, capacity 97750K, committed 98000K, reserved 1134592K
  class space    used 12434K, capacity 13217K, committed 13312K, reserved 1048576K
}
Event: 42.964 GC heap before
{Heap before GC invocations=29 (full 0):
 garbage-first heap   total 194560K, used 151422K [0x0000000080000000, 0x0000000100000000)
  region size 1024K, 39 young (39936K), 2 survivors (2048K)
 Metaspace       used 98391K, capacity 100834K, committed 100944K, reserved 1136640K
  class space    used 12786K, capacity 13641K, committed 13696K, reserved 1048576K
}
Event: 42.978 GC heap after
{Heap after GC invocations=30 (full 0):
 garbage-first heap   total 194560K, used 116826K [0x0000000080000000, 0x0000000100000000)
  region size 1024K, 5 young (5120K), 5 survivors (5120K)
 Metaspace       used 98391K, capacity 100834K, committed 100944K, reserved 1136640K
  class space    used 12786K, capacity 13641K, committed 13696K, reserved 1048576K
}
Event: 46.439 GC heap before
{Heap before GC invocations=31 (full 0):
 garbage-first heap   total 194560K, used 153690K [0x0000000080000000, 0x0000000100000000)
  region size 1024K, 42 young (43008K), 5 survivors (5120K)
 Metaspace       used 98606K, capacity 101053K, committed 101200K, reserved 1136640K
  class space    used 12791K, capacity 13646K, committed 13696K, reserved 1048576K
}
Event: 46.460 GC heap after
{Heap after GC invocations=32 (full 0):
 garbage-first heap   total 194560K, used 121284K [0x0000000080000000, 0x0000000100000000)
  region size 1024K, 5 young (5120K), 5 survivors (5120K)
 Metaspace       used 98606K, capacity 101053K, committed 101200K, reserved 1136640K
  class space    used 12791K, capacity 13646K, committed 13696K, reserved 1048576K
}
Event: 50.490 GC heap before
{Heap before GC invocations=32 (full 0):
 garbage-first heap   total 194560K, used 156100K [0x0000000080000000, 0x0000000100000000)
  region size 1024K, 40 young (40960K), 5 survivors (5120K)
 Metaspace       used 99429K, capacity 101929K, committed 102096K, reserved 1138688K
  class space    used 12865K, capacity 13736K, committed 13824K, reserved 1048576K
}
Event: 50.502 GC heap after
{Heap after GC invocations=33 (full 0):
 garbage-first heap   total 194560K, used 124791K [0x0000000080000000, 0x0000000100000000)
  region size 1024K, 5 young (5120K), 5 survivors (5120K)
 Metaspace       used 99429K, capacity 101929K, committed 102096K, reserved 1138688K
  class space    used 12865K, capacity 13736K, committed 13824K, reserved 1048576K
}
Event: 52.306 GC heap before
{Heap before GC invocations=34 (full 0):
 garbage-first heap   total 194560K, used 158583K [0x0000000080000000, 0x0000000100000000)
  region size 1024K, 39 young (39936K), 5 survivors (5120K)
 Metaspace       used 103179K, capacity 105759K, committed 105936K, reserved 1140736K
  class space    used 13366K, capacity 14315K, committed 14336K, reserved 1048576K
}
Event: 52.318 GC heap after
{Heap after GC invocations=35 (full 0):
 garbage-first heap   total 194560K, used 127120K [0x0000000080000000, 0x0000000100000000)
  region size 1024K, 3 young (3072K), 3 survivors (3072K)
 Metaspace       used 103179K, capacity 105759K, committed 105936K, reserved 1140736K
  class space    used 13366K, capacity 14315K, committed 14336K, reserved 1048576K
}
Event: 109.127 GC heap before
{Heap before GC invocations=35 (full 0):
 garbage-first heap   total 194560K, used 160912K [0x0000000080000000, 0x0000000100000000)
  region size 1024K, 36 young (36864K), 3 survivors (3072K)
 Metaspace       used 104884K, capacity 107830K, committed 107856K, reserved 1142784K
  class space    used 13594K, capacity 14698K, committed 14720K, reserved 1048576K
}
Event: 109.148 GC heap after
{Heap after GC invocations=36 (full 0):
 garbage-first heap   total 194560K, used 130635K [0x0000000080000000, 0x0000000100000000)
  region size 1024K, 5 young (5120K), 5 survivors (5120K)
 Metaspace       used 104884K, capacity 107830K, committed 107856K, reserved 1142784K
  class space    used 13594K, capacity 14698K, committed 14720K, reserved 1048576K
}
Event: 113.166 GC heap before
{Heap before GC invocations=37 (full 0):
 garbage-first heap   total 194560K, used 161355K [0x0000000080000000, 0x0000000100000000)
  region size 1024K, 36 young (36864K), 5 survivors (5120K)
 Metaspace       used 106149K, capacity 109174K, committed 109392K, reserved 1144832K
  class space    used 13756K, capacity 14869K, committed 14976K, reserved 1048576K
}
Event: 113.184 GC heap after
{Heap after GC invocations=38 (full 0):
 garbage-first heap   total 194560K, used 135329K [0x0000000080000000, 0x0000000100000000)
  region size 1024K, 5 young (5120K), 5 survivors (5120K)
 Metaspace       used 106149K, capacity 109174K, committed 109392K, reserved 1144832K
  class space    used 13756K, capacity 14869K, committed 14976K, reserved 1048576K
}
Event: 113.290 GC heap before
{Heap before GC invocations=38 (full 0):
 garbage-first heap   total 194560K, used 139425K [0x0000000080000000, 0x0000000100000000)
  region size 1024K, 9 young (9216K), 5 survivors (5120K)
 Metaspace       used 106208K, capacity 109188K, committed 109392K, reserved 1144832K
  class space    used 13764K, capacity 14875K, committed 14976K, reserved 1048576K
}
Event: 113.302 GC heap after
{Heap after GC invocations=39 (full 0):
 garbage-first heap   total 194560K, used 134772K [0x0000000080000000, 0x0000000100000000)
  region size 1024K, 1 young (1024K), 1 survivors (1024K)
 Metaspace       used 106208K, capacity 109188K, committed 109392K, reserved 1144832K
  class space    used 13764K, capacity 14875K, committed 14976K, reserved 1048576K
}
Event: 156.962 GC heap before
{Heap before GC invocations=39 (full 0):
 garbage-first heap   total 194560K, used 163444K [0x0000000080000000, 0x0000000100000000)
  region size 1024K, 29 young (29696K), 1 survivors (1024K)
 Metaspace       used 106967K, capacity 110002K, committed 110288K, reserved 1144832K
  class space    used 13879K, capacity 15010K, committed 15104K, reserved 1048576K
}
Event: 156.965 GC heap after
{Heap after GC invocations=40 (full 0):
 garbage-first heap   total 194560K, used 134275K [0x0000000080000000, 0x0000000100000000)
  region size 1024K, 1 young (1024K), 1 survivors (1024K)
 Metaspace       used 106967K, capacity 110002K, committed 110288K, reserved 1144832K
  class space    used 13879K, capacity 15010K, committed 15104K, reserved 1048576K
}

